This is pdfTeX, Version 3.14159265-2.6-1.40.20 (TeX Live 2019) (preloaded format=pdflatex 2019.5.8)  13 FEB 2020 12:34
entering extended mode
 restricted \write18 enabled.
 %&-line parsing enabled.
**Assignment_2.tex
(./Assignment_2.tex
LaTeX2e <2018-12-01>
(/usr/local/texlive/2019/texmf-dist/tex/latex/base/article.cls
Document Class: article 2018/09/03 v1.4i Standard LaTeX document class
(/usr/local/texlive/2019/texmf-dist/tex/latex/base/size12.clo
File: size12.clo 2018/09/03 v1.4i Standard LaTeX file (size option)
)
\c@part=\count80
\c@section=\count81
\c@subsection=\count82
\c@subsubsection=\count83
\c@paragraph=\count84
\c@subparagraph=\count85
\c@figure=\count86
\c@table=\count87
\abovecaptionskip=\skip41
\belowcaptionskip=\skip42
\bibindent=\dimen102
)
(/usr/local/texlive/2019/texmf-dist/tex/latex/base/inputenc.sty
Package: inputenc 2018/08/11 v1.3c Input encoding file
\inpenc@prehook=\toks14
\inpenc@posthook=\toks15
)
(/usr/local/texlive/2019/texmf-dist/tex/latex/graphics/graphicx.sty
Package: graphicx 2017/06/01 v1.1a Enhanced LaTeX Graphics (DPC,SPQR)

(/usr/local/texlive/2019/texmf-dist/tex/latex/graphics/keyval.sty
Package: keyval 2014/10/28 v1.15 key=value parser (DPC)
\KV@toks@=\toks16
)
(/usr/local/texlive/2019/texmf-dist/tex/latex/graphics/graphics.sty
Package: graphics 2017/06/25 v1.2c Standard LaTeX Graphics (DPC,SPQR)

(/usr/local/texlive/2019/texmf-dist/tex/latex/graphics/trig.sty
Package: trig 2016/01/03 v1.10 sin cos tan (DPC)
)
(/usr/local/texlive/2019/texmf-dist/tex/latex/graphics-cfg/graphics.cfg
File: graphics.cfg 2016/06/04 v1.11 sample graphics configuration
)
Package graphics Info: Driver file: pdftex.def on input line 99.

(/usr/local/texlive/2019/texmf-dist/tex/latex/graphics-def/pdftex.def
File: pdftex.def 2018/01/08 v1.0l Graphics/color driver for pdftex
))
\Gin@req@height=\dimen103
\Gin@req@width=\dimen104
)
(/usr/local/texlive/2019/texmf-dist/tex/latex/wrapfig/wrapfig.sty
\wrapoverhang=\dimen105
\WF@size=\dimen106
\c@WF@wrappedlines=\count88
\WF@box=\box27
\WF@everypar=\toks17
Package: wrapfig 2003/01/31  v 3.6
)
(/usr/local/texlive/2019/texmf-dist/tex/latex/subfig/subfig.sty
Package: subfig 2005/06/28 ver: 1.3 subfig package

(/usr/local/texlive/2019/texmf-dist/tex/latex/caption/caption.sty
Package: caption 2018/10/06 v3.3-154 Customizing captions (AR)

(/usr/local/texlive/2019/texmf-dist/tex/latex/caption/caption3.sty
Package: caption3 2018/09/12 v1.8c caption3 kernel (AR)
Package caption3 Info: TeX engine: e-TeX on input line 64.
\captionmargin=\dimen107
\captionmargin@=\dimen108
\captionwidth=\dimen109
\caption@tempdima=\dimen110
\caption@indent=\dimen111
\caption@parindent=\dimen112
\caption@hangindent=\dimen113
)
\c@caption@flags=\count89
\c@ContinuedFloat=\count90
Package caption Info: wrapfig package is loaded.
)
\c@KVtest=\count91
\sf@farskip=\skip43
\sf@captopadj=\dimen114
\sf@capskip=\skip44
\sf@nearskip=\skip45
\c@subfigure=\count92
\c@subfigure@save=\count93
\c@lofdepth=\count94
\c@subtable=\count95
\c@subtable@save=\count96
\c@lotdepth=\count97
\sf@top=\skip46
\sf@bottom=\skip47
)
(./Assignment_2.aux)
\openout1 = `Assignment_2.aux'.

LaTeX Font Info:    Checking defaults for OML/cmm/m/it on input line 12.
LaTeX Font Info:    ... okay on input line 12.
LaTeX Font Info:    Checking defaults for T1/cmr/m/n on input line 12.
LaTeX Font Info:    ... okay on input line 12.
LaTeX Font Info:    Checking defaults for OT1/cmr/m/n on input line 12.
LaTeX Font Info:    ... okay on input line 12.
LaTeX Font Info:    Checking defaults for OMS/cmsy/m/n on input line 12.
LaTeX Font Info:    ... okay on input line 12.
LaTeX Font Info:    Checking defaults for OMX/cmex/m/n on input line 12.
LaTeX Font Info:    ... okay on input line 12.
LaTeX Font Info:    Checking defaults for U/cmr/m/n on input line 12.
LaTeX Font Info:    ... okay on input line 12.

(/usr/local/texlive/2019/texmf-dist/tex/context/base/mkii/supp-pdf.mkii
[Loading MPS to PDF converter (version 2006.09.02).]
\scratchcounter=\count98
\scratchdimen=\dimen115
\scratchbox=\box28
\nofMPsegments=\count99
\nofMParguments=\count100
\everyMPshowfont=\toks18
\MPscratchCnt=\count101
\MPscratchDim=\dimen116
\MPnumerator=\count102
\makeMPintoPDFobject=\count103
\everyMPtoPDFconversion=\toks19
) (/usr/local/texlive/2019/texmf-dist/tex/latex/oberdiek/epstopdf-base.sty
Package: epstopdf-base 2016/05/15 v2.6 Base part for package epstopdf

(/usr/local/texlive/2019/texmf-dist/tex/generic/oberdiek/infwarerr.sty
Package: infwarerr 2016/05/16 v1.4 Providing info/warning/error messages (HO)
)
(/usr/local/texlive/2019/texmf-dist/tex/latex/oberdiek/grfext.sty
Package: grfext 2016/05/16 v1.2 Manage graphics extensions (HO)

(/usr/local/texlive/2019/texmf-dist/tex/generic/oberdiek/kvdefinekeys.sty
Package: kvdefinekeys 2016/05/16 v1.4 Define keys (HO)

(/usr/local/texlive/2019/texmf-dist/tex/generic/oberdiek/ltxcmds.sty
Package: ltxcmds 2016/05/16 v1.23 LaTeX kernel commands for general use (HO)
)))
(/usr/local/texlive/2019/texmf-dist/tex/latex/oberdiek/kvoptions.sty
Package: kvoptions 2016/05/16 v3.12 Key value format for package options (HO)

(/usr/local/texlive/2019/texmf-dist/tex/generic/oberdiek/kvsetkeys.sty
Package: kvsetkeys 2016/05/16 v1.17 Key value parser (HO)

(/usr/local/texlive/2019/texmf-dist/tex/generic/oberdiek/etexcmds.sty
Package: etexcmds 2016/05/16 v1.6 Avoid name clashes with e-TeX commands (HO)

(/usr/local/texlive/2019/texmf-dist/tex/generic/oberdiek/ifluatex.sty
Package: ifluatex 2016/05/16 v1.4 Provides the ifluatex switch (HO)
Package ifluatex Info: LuaTeX not detected.
))))
(/usr/local/texlive/2019/texmf-dist/tex/generic/oberdiek/pdftexcmds.sty
Package: pdftexcmds 2018/09/10 v0.29 Utility functions of pdfTeX for LuaTeX (HO
)

(/usr/local/texlive/2019/texmf-dist/tex/generic/oberdiek/ifpdf.sty
Package: ifpdf 2018/09/07 v3.3 Provides the ifpdf switch
)
Package pdftexcmds Info: LuaTeX not detected.
Package pdftexcmds Info: \pdf@primitive is available.
Package pdftexcmds Info: \pdf@ifprimitive is available.
Package pdftexcmds Info: \pdfdraftmode found.
)
Package epstopdf-base Info: Redefining graphics rule for `.eps' on input line 4
38.
Package grfext Info: Graphics extension search list:
(grfext)             [.pdf,.png,.jpg,.mps,.jpeg,.jbig2,.jb2,.PDF,.PNG,.JPG,.JPE
G,.JBIG2,.JB2,.eps]
(grfext)             \AppendGraphicsExtensions on input line 456.

(/usr/local/texlive/2019/texmf-dist/tex/latex/latexconfig/epstopdf-sys.cfg
File: epstopdf-sys.cfg 2010/07/13 v1.3 Configuration of (r)epstopdf for TeX Liv
e
))
Package caption Info: Begin \AtBeginDocument code.
Package caption Info: subfig package v1.3 is loaded.
Package caption Info: End \AtBeginDocument code.
LaTeX Font Info:    External font `cmex10' loaded for size
(Font)              <12> on input line 20.
LaTeX Font Info:    External font `cmex10' loaded for size
(Font)              <8> on input line 20.
LaTeX Font Info:    External font `cmex10' loaded for size
(Font)              <6> on input line 20.
<v200_150.0_c_8_m.png, id=1, 433.62pt x 289.08pt>
File: v200_150.0_c_8_m.png Graphic file (type png)
<use v200_150.0_c_8_m.png>
Package pdftex.def Info: v200_150.0_c_8_m.png  used on input line 24.
(pdftex.def)             Requested size: 142.26378pt x 94.8409pt.
<v200_150.0_c_8_dmdr.png, id=3, 433.62pt x 289.08pt>
File: v200_150.0_c_8_dmdr.png Graphic file (type png)
<use v200_150.0_c_8_dmdr.png>
Package pdftex.def Info: v200_150.0_c_8_dmdr.png  used on input line 24.
(pdftex.def)             Requested size: 142.26378pt x 94.8409pt.
<v200_150.0_c_8_menc.png, id=4, 433.62pt x 289.08pt>
File: v200_150.0_c_8_menc.png Graphic file (type png)
<use v200_150.0_c_8_menc.png>
Package pdftex.def Info: v200_150.0_c_8_menc.png  used on input line 24.
(pdftex.def)             Requested size: 142.26378pt x 94.8409pt.
<v200_150.0_c_15_m.png, id=5, 433.62pt x 289.08pt>
File: v200_150.0_c_15_m.png Graphic file (type png)
<use v200_150.0_c_15_m.png>
Package pdftex.def Info: v200_150.0_c_15_m.png  used on input line 26.
(pdftex.def)             Requested size: 142.26378pt x 94.8409pt.
<v200_150.0_c_15_dmdr.png, id=6, 433.62pt x 289.08pt>
File: v200_150.0_c_15_dmdr.png Graphic file (type png)
<use v200_150.0_c_15_dmdr.png>
Package pdftex.def Info: v200_150.0_c_15_dmdr.png  used on input line 26.
(pdftex.def)             Requested size: 142.26378pt x 94.8409pt.
<v200_150.0_c_15_menc.png, id=7, 433.62pt x 289.08pt>
File: v200_150.0_c_15_menc.png Graphic file (type png)
<use v200_150.0_c_15_menc.png>
Package pdftex.def Info: v200_150.0_c_15_menc.png  used on input line 26.
(pdftex.def)             Requested size: 142.26378pt x 94.8409pt.

Overfull \hbox (72.79134pt too wide) in paragraph at lines 23--28
[][] 
 []

<v200_200.0_c_8_m.png, id=8, 433.62pt x 289.08pt>
File: v200_200.0_c_8_m.png Graphic file (type png)
<use v200_200.0_c_8_m.png>
Package pdftex.def Info: v200_200.0_c_8_m.png  used on input line 33.
(pdftex.def)             Requested size: 142.26378pt x 94.8409pt.
<v200_200.0_c_8_dmdr.png, id=9, 433.62pt x 289.08pt>
File: v200_200.0_c_8_dmdr.png Graphic file (type png)
<use v200_200.0_c_8_dmdr.png>
Package pdftex.def Info: v200_200.0_c_8_dmdr.png  used on input line 33.
(pdftex.def)             Requested size: 142.26378pt x 94.8409pt.
<v200_200.0_c_8_menc.png, id=10, 433.62pt x 289.08pt>
File: v200_200.0_c_8_menc.png Graphic file (type png)
<use v200_200.0_c_8_menc.png>
Package pdftex.def Info: v200_200.0_c_8_menc.png  used on input line 33.
(pdftex.def)             Requested size: 142.26378pt x 94.8409pt.
<v200_200.0_c_15_m.png, id=11, 433.62pt x 289.08pt>
File: v200_200.0_c_15_m.png Graphic file (type png)
<use v200_200.0_c_15_m.png>
Package pdftex.def Info: v200_200.0_c_15_m.png  used on input line 35.
(pdftex.def)             Requested size: 142.26378pt x 94.8409pt.
<v200_200.0_c_15_dmdr.png, id=12, 433.62pt x 289.08pt>
File: v200_200.0_c_15_dmdr.png Graphic file (type png)
<use v200_200.0_c_15_dmdr.png>
Package pdftex.def Info: v200_200.0_c_15_dmdr.png  used on input line 35.
(pdftex.def)             Requested size: 142.26378pt x 94.8409pt.
<v200_200.0_c_15_menc.png, id=13, 433.62pt x 289.08pt>
File: v200_200.0_c_15_menc.png Graphic file (type png)
<use v200_200.0_c_15_menc.png>
Package pdftex.def Info: v200_200.0_c_15_menc.png  used on input line 35.
(pdftex.def)             Requested size: 142.26378pt x 94.8409pt.

Overfull \hbox (72.79134pt too wide) in paragraph at lines 32--37
[][] 
 []

<v200_250.0_c_8_m.png, id=14, 433.62pt x 289.08pt>
File: v200_250.0_c_8_m.png Graphic file (type png)
<use v200_250.0_c_8_m.png>
Package pdftex.def Info: v200_250.0_c_8_m.png  used on input line 42.
(pdftex.def)             Requested size: 142.26378pt x 94.8409pt.
<v200_250.0_c_8_dmdr.png, id=15, 433.62pt x 289.08pt>
File: v200_250.0_c_8_dmdr.png Graphic file (type png)
<use v200_250.0_c_8_dmdr.png>
Package pdftex.def Info: v200_250.0_c_8_dmdr.png  used on input line 42.
(pdftex.def)             Requested size: 142.26378pt x 94.8409pt.
<v200_250.0_c_8_menc.png, id=16, 433.62pt x 289.08pt>
File: v200_250.0_c_8_menc.png Graphic file (type png)
<use v200_250.0_c_8_menc.png>
Package pdftex.def Info: v200_250.0_c_8_menc.png  used on input line 42.
(pdftex.def)             Requested size: 142.26378pt x 94.8409pt.
<v200_250.0_c_15_m.png, id=17, 433.62pt x 289.08pt>
File: v200_250.0_c_15_m.png Graphic file (type png)
<use v200_250.0_c_15_m.png>
Package pdftex.def Info: v200_250.0_c_15_m.png  used on input line 44.
(pdftex.def)             Requested size: 142.26378pt x 94.8409pt.
<v200_250.0_c_15_dmdr.png, id=18, 433.62pt x 289.08pt>
File: v200_250.0_c_15_dmdr.png Graphic file (type png)
<use v200_250.0_c_15_dmdr.png>
Package pdftex.def Info: v200_250.0_c_15_dmdr.png  used on input line 44.
(pdftex.def)             Requested size: 142.26378pt x 94.8409pt.
<v200_250.0_c_15_menc.png, id=19, 433.62pt x 289.08pt>
File: v200_250.0_c_15_menc.png Graphic file (type png)
<use v200_250.0_c_15_menc.png>
Package pdftex.def Info: v200_250.0_c_15_menc.png  used on input line 44.
(pdftex.def)             Requested size: 142.26378pt x 94.8409pt.

Overfull \hbox (72.79134pt too wide) in paragraph at lines 41--46
[][] 
 []

[1

{/usr/local/texlive/2019/texmf-var/fonts/map/pdftex/updmap/pdftex.map} <./v200_
150.0_c_8_m.png> <./v200_150.0_c_8_dmdr.png> <./v200_150.0_c_8_menc.png> <./v20
0_150.0_c_15_m.png> <./v200_150.0_c_15_dmdr.png> <./v200_150.0_c_15_menc.png>] 
[2 <./v200_200.0_c_8_m.png> <./v200_200.0_c_8_dmdr.png> <./v200_200.0_c_8_menc.
png> <./v200_200.0_c_15_m.png> <./v200_200.0_c_15_dmdr.png> <./v200_200.0_c_15_
menc.png>] [3 <./v200_250.0_c_8_m.png> <./v200_250.0_c_8_dmdr.png> <./v200_250.
0_c_8_menc.png> <./v200_250.0_c_15_m.png> <./v200_250.0_c_15_dmdr.png> <./v200_
250.0_c_15_menc.png>] (./Assignment_2.aux) ) 
Here is how much of TeX's memory you used:
 2847 strings out of 492616
 46555 string characters out of 6129482
 112382 words of memory out of 5000000
 6742 multiletter control sequences out of 15000+600000
 6982 words of font info for 25 fonts, out of 8000000 for 9000
 1141 hyphenation exceptions out of 8191
 44i,11n,42p,320b,318s stack positions out of 5000i,500n,10000p,200000b,80000s
</usr/local/texlive/2019/texmf-dist
/fonts/type1/public/amsfonts/cm/cmbx12.pfb></usr/local/texlive/2019/texmf-dist/
fonts/type1/public/amsfonts/cm/cmmi12.pfb></usr/local/texlive/2019/texmf-dist/f
onts/type1/public/amsfonts/cm/cmmi8.pfb></usr/local/texlive/2019/texmf-dist/fon
ts/type1/public/amsfonts/cm/cmr12.pfb></usr/local/texlive/2019/texmf-dist/fonts
/type1/public/amsfonts/cm/cmr8.pfb></usr/local/texlive/2019/texmf-dist/fonts/ty
pe1/public/amsfonts/cm/cmsy8.pfb>
Output written on Assignment_2.pdf (3 pages, 279199 bytes).
PDF statistics:
 75 PDF objects out of 1000 (max. 8388607)
 27 compressed objects within 1 object stream
 0 named destinations out of 1000 (max. 500000)
 91 words of extra memory for PDF output out of 10000 (max. 10000000)

