This is pdfTeX, Version 3.14159265-2.6-1.40.20 (TeX Live 2019) (preloaded format=pdflatex 2019.5.8)  26 FEB 2020 10:37
entering extended mode
 restricted \write18 enabled.
 %&-line parsing enabled.
**Assignment_3.tex
(./Assignment_3.tex
LaTeX2e <2018-12-01>
(/usr/local/texlive/2019/texmf-dist/tex/latex/base/article.cls
Document Class: article 2018/09/03 v1.4i Standard LaTeX document class
(/usr/local/texlive/2019/texmf-dist/tex/latex/base/size12.clo
File: size12.clo 2018/09/03 v1.4i Standard LaTeX file (size option)
)
\c@part=\count80
\c@section=\count81
\c@subsection=\count82
\c@subsubsection=\count83
\c@paragraph=\count84
\c@subparagraph=\count85
\c@figure=\count86
\c@table=\count87
\abovecaptionskip=\skip41
\belowcaptionskip=\skip42
\bibindent=\dimen102
)
(/usr/local/texlive/2019/texmf-dist/tex/latex/base/inputenc.sty
Package: inputenc 2018/08/11 v1.3c Input encoding file
\inpenc@prehook=\toks14
\inpenc@posthook=\toks15
)
(/usr/local/texlive/2019/texmf-dist/tex/latex/graphics/graphicx.sty
Package: graphicx 2017/06/01 v1.1a Enhanced LaTeX Graphics (DPC,SPQR)

(/usr/local/texlive/2019/texmf-dist/tex/latex/graphics/keyval.sty
Package: keyval 2014/10/28 v1.15 key=value parser (DPC)
\KV@toks@=\toks16
)
(/usr/local/texlive/2019/texmf-dist/tex/latex/graphics/graphics.sty
Package: graphics 2017/06/25 v1.2c Standard LaTeX Graphics (DPC,SPQR)

(/usr/local/texlive/2019/texmf-dist/tex/latex/graphics/trig.sty
Package: trig 2016/01/03 v1.10 sin cos tan (DPC)
)
(/usr/local/texlive/2019/texmf-dist/tex/latex/graphics-cfg/graphics.cfg
File: graphics.cfg 2016/06/04 v1.11 sample graphics configuration
)
Package graphics Info: Driver file: pdftex.def on input line 99.

(/usr/local/texlive/2019/texmf-dist/tex/latex/graphics-def/pdftex.def
File: pdftex.def 2018/01/08 v1.0l Graphics/color driver for pdftex
))
\Gin@req@height=\dimen103
\Gin@req@width=\dimen104
)
(/usr/local/texlive/2019/texmf-dist/tex/latex/wrapfig/wrapfig.sty
\wrapoverhang=\dimen105
\WF@size=\dimen106
\c@WF@wrappedlines=\count88
\WF@box=\box27
\WF@everypar=\toks17
Package: wrapfig 2003/01/31  v 3.6
)
(/usr/local/texlive/2019/texmf-dist/tex/latex/subfig/subfig.sty
Package: subfig 2005/06/28 ver: 1.3 subfig package

(/usr/local/texlive/2019/texmf-dist/tex/latex/caption/caption.sty
Package: caption 2018/10/06 v3.3-154 Customizing captions (AR)

(/usr/local/texlive/2019/texmf-dist/tex/latex/caption/caption3.sty
Package: caption3 2018/09/12 v1.8c caption3 kernel (AR)
Package caption3 Info: TeX engine: e-TeX on input line 64.
\captionmargin=\dimen107
\captionmargin@=\dimen108
\captionwidth=\dimen109
\caption@tempdima=\dimen110
\caption@indent=\dimen111
\caption@parindent=\dimen112
\caption@hangindent=\dimen113
)
\c@caption@flags=\count89
\c@ContinuedFloat=\count90
Package caption Info: wrapfig package is loaded.
)
\c@KVtest=\count91
\sf@farskip=\skip43
\sf@captopadj=\dimen114
\sf@capskip=\skip44
\sf@nearskip=\skip45
\c@subfigure=\count92
\c@subfigure@save=\count93
\c@lofdepth=\count94
\c@subtable=\count95
\c@subtable@save=\count96
\c@lotdepth=\count97
\sf@top=\skip46
\sf@bottom=\skip47
)
(./Assignment_3.aux)
\openout1 = `Assignment_3.aux'.

LaTeX Font Info:    Checking defaults for OML/cmm/m/it on input line 12.
LaTeX Font Info:    ... okay on input line 12.
LaTeX Font Info:    Checking defaults for T1/cmr/m/n on input line 12.
LaTeX Font Info:    ... okay on input line 12.
LaTeX Font Info:    Checking defaults for OT1/cmr/m/n on input line 12.
LaTeX Font Info:    ... okay on input line 12.
LaTeX Font Info:    Checking defaults for OMS/cmsy/m/n on input line 12.
LaTeX Font Info:    ... okay on input line 12.
LaTeX Font Info:    Checking defaults for OMX/cmex/m/n on input line 12.
LaTeX Font Info:    ... okay on input line 12.
LaTeX Font Info:    Checking defaults for U/cmr/m/n on input line 12.
LaTeX Font Info:    ... okay on input line 12.

(/usr/local/texlive/2019/texmf-dist/tex/context/base/mkii/supp-pdf.mkii
[Loading MPS to PDF converter (version 2006.09.02).]
\scratchcounter=\count98
\scratchdimen=\dimen115
\scratchbox=\box28
\nofMPsegments=\count99
\nofMParguments=\count100
\everyMPshowfont=\toks18
\MPscratchCnt=\count101
\MPscratchDim=\dimen116
\MPnumerator=\count102
\makeMPintoPDFobject=\count103
\everyMPtoPDFconversion=\toks19
) (/usr/local/texlive/2019/texmf-dist/tex/latex/oberdiek/epstopdf-base.sty
Package: epstopdf-base 2016/05/15 v2.6 Base part for package epstopdf

(/usr/local/texlive/2019/texmf-dist/tex/generic/oberdiek/infwarerr.sty
Package: infwarerr 2016/05/16 v1.4 Providing info/warning/error messages (HO)
)
(/usr/local/texlive/2019/texmf-dist/tex/latex/oberdiek/grfext.sty
Package: grfext 2016/05/16 v1.2 Manage graphics extensions (HO)

(/usr/local/texlive/2019/texmf-dist/tex/generic/oberdiek/kvdefinekeys.sty
Package: kvdefinekeys 2016/05/16 v1.4 Define keys (HO)

(/usr/local/texlive/2019/texmf-dist/tex/generic/oberdiek/ltxcmds.sty
Package: ltxcmds 2016/05/16 v1.23 LaTeX kernel commands for general use (HO)
)))
(/usr/local/texlive/2019/texmf-dist/tex/latex/oberdiek/kvoptions.sty
Package: kvoptions 2016/05/16 v3.12 Key value format for package options (HO)

(/usr/local/texlive/2019/texmf-dist/tex/generic/oberdiek/kvsetkeys.sty
Package: kvsetkeys 2016/05/16 v1.17 Key value parser (HO)

(/usr/local/texlive/2019/texmf-dist/tex/generic/oberdiek/etexcmds.sty
Package: etexcmds 2016/05/16 v1.6 Avoid name clashes with e-TeX commands (HO)

(/usr/local/texlive/2019/texmf-dist/tex/generic/oberdiek/ifluatex.sty
Package: ifluatex 2016/05/16 v1.4 Provides the ifluatex switch (HO)
Package ifluatex Info: LuaTeX not detected.
))))
(/usr/local/texlive/2019/texmf-dist/tex/generic/oberdiek/pdftexcmds.sty
Package: pdftexcmds 2018/09/10 v0.29 Utility functions of pdfTeX for LuaTeX (HO
)

(/usr/local/texlive/2019/texmf-dist/tex/generic/oberdiek/ifpdf.sty
Package: ifpdf 2018/09/07 v3.3 Provides the ifpdf switch
)
Package pdftexcmds Info: LuaTeX not detected.
Package pdftexcmds Info: \pdf@primitive is available.
Package pdftexcmds Info: \pdf@ifprimitive is available.
Package pdftexcmds Info: \pdfdraftmode found.
)
Package epstopdf-base Info: Redefining graphics rule for `.eps' on input line 4
38.
Package grfext Info: Graphics extension search list:
(grfext)             [.pdf,.png,.jpg,.mps,.jpeg,.jbig2,.jb2,.PDF,.PNG,.JPG,.JPE
G,.JBIG2,.JB2,.eps]
(grfext)             \AppendGraphicsExtensions on input line 456.

(/usr/local/texlive/2019/texmf-dist/tex/latex/latexconfig/epstopdf-sys.cfg
File: epstopdf-sys.cfg 2010/07/13 v1.3 Configuration of (r)epstopdf for TeX Liv
e
))
Package caption Info: Begin \AtBeginDocument code.
Package caption Info: subfig package v1.3 is loaded.
Package caption Info: End \AtBeginDocument code.
LaTeX Font Info:    External font `cmex10' loaded for size
(Font)              <14.4> on input line 14.
LaTeX Font Info:    External font `cmex10' loaded for size
(Font)              <7> on input line 14.
LaTeX Font Info:    External font `cmex10' loaded for size
(Font)              <12> on input line 24.
LaTeX Font Info:    External font `cmex10' loaded for size
(Font)              <8> on input line 24.
LaTeX Font Info:    External font `cmex10' loaded for size
(Font)              <6> on input line 24.
<odeint_pendulum.png, id=1, 371.3875pt x 262.9825pt>
File: odeint_pendulum.png Graphic file (type png)
<use odeint_pendulum.png>
Package pdftex.def Info: odeint_pendulum.png  used on input line 33.
(pdftex.def)             Requested size: 371.38658pt x 262.98184pt.

[1

{/usr/local/texlive/2019/texmf-var/fonts/map/pdftex/updmap/pdftex.map}]
<euler_pendulum.png, id=13, 316.18124pt x 224.84pt>
File: euler_pendulum.png Graphic file (type png)
<use euler_pendulum.png>
Package pdftex.def Info: euler_pendulum.png  used on input line 40.
(pdftex.def)             Requested size: 142.26378pt x 101.16676pt.
<heuns_pendulum.png, id=14, 316.18124pt x 224.84pt>
File: heuns_pendulum.png Graphic file (type png)
<use heuns_pendulum.png>
Package pdftex.def Info: heuns_pendulum.png  used on input line 40.
(pdftex.def)             Requested size: 142.26378pt x 101.16676pt.
<rk4_pendulum.png, id=15, 316.18124pt x 224.84pt>
File: rk4_pendulum.png Graphic file (type png)
<use rk4_pendulum.png>
Package pdftex.def Info: rk4_pendulum.png  used on input line 40.
(pdftex.def)             Requested size: 142.26378pt x 101.16676pt.

Overfull \hbox (72.79134pt too wide) in paragraph at lines 39--42
 [][] 
 []

<RK4_vs_odeint.png, id=16, 307.1475pt x 224.84pt>
File: RK4_vs_odeint.png Graphic file (type png)
<use RK4_vs_odeint.png>
Package pdftex.def Info: RK4_vs_odeint.png  used on input line 47.
(pdftex.def)             Requested size: 307.14674pt x 224.83945pt.
[2 <./odeint_pendulum.png> <./euler_pendulum.png> <./heuns_pendulum.png> <./rk4
_pendulum.png>]
<stiff_EQ.png, id=24, 387.4475pt x 262.9825pt>
File: stiff_EQ.png Graphic file (type png)
<use stiff_EQ.png>
Package pdftex.def Info: stiff_EQ.png  used on input line 73.
(pdftex.def)             Requested size: 387.44655pt x 262.98184pt.

Overfull \hbox (15.07137pt too wide) in paragraph at lines 73--74
[][] 
 []

[3 <./RK4_vs_odeint.png>]
<stiff_EQ_error.png, id=32, 400.49625pt x 262.9825pt>
File: stiff_EQ_error.png Graphic file (type png)
<use stiff_EQ_error.png>
Package pdftex.def Info: stiff_EQ_error.png  used on input line 77.
(pdftex.def)             Requested size: 400.49527pt x 262.98184pt.

Overfull \hbox (28.12009pt too wide) in paragraph at lines 77--78
[][] 
 []

[4 <./stiff_EQ.png>] [5 <./stiff_EQ_error.png>]
<WD_R_vs_M.png, id=41, 416.55624pt x 298.11375pt>
File: WD_R_vs_M.png Graphic file (type png)
<use WD_R_vs_M.png>
Package pdftex.def Info: WD_R_vs_M.png  used on input line 86.
(pdftex.def)             Requested size: 416.55522pt x 298.11302pt.

Overfull \hbox (44.18004pt too wide) in paragraph at lines 86--87
[][] 
 []

<NS_M_vs_R.png, id=42, 416.55624pt x 297.11pt>
File: NS_M_vs_R.png Graphic file (type png)
<use NS_M_vs_R.png>
Package pdftex.def Info: NS_M_vs_R.png  used on input line 94.
(pdftex.def)             Requested size: 416.55522pt x 297.10927pt.

Overfull \hbox (44.18004pt too wide) in paragraph at lines 94--95
[][] 
 []

[6 <./WD_R_vs_M.png>]
Overfull \hbox (13.07428pt too wide) in paragraph at lines 96--97
\OT1/cmr/m/n/12 in the lit-er-a-ture many times (found here: https://arxiv.org/
pdf/1205.6871.pdf): 
 []

<NS_lit.png, id=47, 366.36874pt x 344.28625pt>
File: NS_lit.png Graphic file (type png)
<use NS_lit.png>
Package pdftex.def Info: NS_lit.png  used on input line 98.
(pdftex.def)             Requested size: 366.36784pt x 344.2854pt.
[7 <./NS_M_vs_R.png>] [8 <./NS_lit.png>] (./Assignment_3.aux) ) 
Here is how much of TeX's memory you used:
 2812 strings out of 492616
 45228 string characters out of 6129482
 109382 words of memory out of 5000000
 6715 multiletter control sequences out of 15000+600000
 8194 words of font info for 29 fonts, out of 8000000 for 9000
 1141 hyphenation exceptions out of 8191
 44i,11n,42p,416b,320s stack positions out of 5000i,500n,10000p,200000b,80000s
</usr/local/texl
ive/2019/texmf-dist/fonts/type1/public/amsfonts/cm/cmbx12.pfb></usr/local/texli
ve/2019/texmf-dist/fonts/type1/public/amsfonts/cm/cmmi12.pfb></usr/local/texliv
e/2019/texmf-dist/fonts/type1/public/amsfonts/cm/cmmi8.pfb></usr/local/texlive/
2019/texmf-dist/fonts/type1/public/amsfonts/cm/cmr12.pfb></usr/local/texlive/20
19/texmf-dist/fonts/type1/public/amsfonts/cm/cmr17.pfb></usr/local/texlive/2019
/texmf-dist/fonts/type1/public/amsfonts/cm/cmr8.pfb></usr/local/texlive/2019/te
xmf-dist/fonts/type1/public/amsfonts/cm/cmsy10.pfb></usr/local/texlive/2019/tex
mf-dist/fonts/type1/public/amsfonts/cm/cmsy8.pfb>
Output written on Assignment_3.pdf (8 pages, 307177 bytes).
PDF statistics:
 84 PDF objects out of 1000 (max. 8388607)
 45 compressed objects within 1 object stream
 0 named destinations out of 1000 (max. 500000)
 51 words of extra memory for PDF output out of 10000 (max. 10000000)

